<?xml version="1.0" encoding="UTF-8"?>
<testng-results ignored="0" total="1" passed="1" failed="0" skipped="0">
  <reporter-output>
  </reporter-output>
  <suite started-at="2022-09-15T17:18:30Z" name="Suite" finished-at="2022-09-15T17:18:55Z" duration-ms="25241">
    <groups>
    </groups>
    <test started-at="2022-09-15T17:18:30Z" name="LiveGuru" finished-at="2022-09-15T17:18:55Z" duration-ms="25241">
      <class name="com.liveguru.user.TC_01_Register_Success_To_System">
        <test-method is-config="true" signature="beforeClass(java.lang.String)[pri:0, instance:com.liveguru.user.TC_01_Register_Success_To_System@2362f559]" started-at="2022-09-15T17:18:30Z" name="beforeClass" finished-at="2022-09-15T17:18:42Z" duration-ms="12051" status="PASS">
          <params>
            <param index="0">
              <value>
                <![CDATA[firefox]]>
              </value>
            </param>
          </params>
          <reporter-output>
          </reporter-output>
        </test-method> <!-- beforeClass -->
        <test-method signature="User_01_Register_Success_To_System()[pri:0, instance:com.liveguru.user.TC_01_Register_Success_To_System@2362f559]" started-at="2022-09-15T17:18:42Z" name="User_01_Register_Success_To_System" finished-at="2022-09-15T17:18:53Z" duration-ms="10551" status="PASS">
          <reporter-output>
          </reporter-output>
        </test-method> <!-- User_01_Register_Success_To_System -->
        <test-method is-config="true" signature="afterClass()[pri:0, instance:com.liveguru.user.TC_01_Register_Success_To_System@2362f559]" started-at="2022-09-15T17:18:53Z" name="afterClass" finished-at="2022-09-15T17:18:55Z" duration-ms="2613" status="PASS">
          <reporter-output>
          </reporter-output>
        </test-method> <!-- afterClass -->
      </class> <!-- com.liveguru.user.TC_01_Register_Success_To_System -->
    </test> <!-- LiveGuru -->
  </suite> <!-- Suite -->
</testng-results>
